<?xml version="1.0" encoding="UTF-8"?>
<!-- Generated by org.testng.reporters.JUnitXMLReporter -->
<testsuite hostname="Shekhar-PC" failures="0" tests="4" name="Test" time="51.707" errors="0" timestamp="2 Mar 2019 11:19:53 GMT">
  <testcase classname="com.actiTimeSimple.test.TC04Test" name="testTC04" time="10.942"/>
  <testcase classname="com.actiTimeSimple.test.TC01Test" name="testTC01" time="2.387"/>
  <testcase classname="com.actiTimeSimple.test.TC02Test" name="testTC02" time="15.066"/>
  <testcase classname="com.actiTimeSimple.test.TC03Test" name="testTC03" time="0.114"/>
</testsuite> <!-- Test -->
