<?xml version="1.0" encoding="UTF-8"?>
<testng-results total="4" passed="4" failed="0" skipped="0">
  <reporter-output>
    <line>
      <![CDATA[Element is present: ]]>
    </line>
    <line>
      <![CDATA[Actual Build No is   :(build 39769)]]>
    </line>
    <line>
      <![CDATA[Expected build No is :(build 39769)]]>
    </line>
    <line>
      <![CDATA[Title is matching: 
Expected title is :actiTIME - Login]]>
    </line>
    <line>
      <![CDATA[Actual Title is   :actiTIME - Login]]>
    </line>
    <line>
      <![CDATA[Title is matching: 
Expected title is :actiTIME - Enter Time-Track]]>
    </line>
    <line>
      <![CDATA[Actual Title is   :actiTIME - Enter Time-Track]]>
    </line>
    <line>
      <![CDATA[user name :admin]]>
    </line>
    <line>
      <![CDATA[password :abc]]>
    </line>
    <line>
      <![CDATA[Element is present: ]]>
    </line>
    <line>
      <![CDATA[Actual Error message is   :Username or Password is invalid. Please try again.]]>
    </line>
    <line>
      <![CDATA[Expected Error message is :Username or Password is invalid. Please try again.]]>
    </line>
    <line>
      <![CDATA[user name :abc]]>
    </line>
    <line>
      <![CDATA[password :manager]]>
    </line>
    <line>
      <![CDATA[Element is present: ]]>
    </line>
    <line>
      <![CDATA[Actual Error message is   :Username or Password is invalid. Please try again.]]>
    </line>
    <line>
      <![CDATA[Expected Error message is :Username or Password is invalid. Please try again.]]>
    </line>
    <line>
      <![CDATA[user name :a]]>
    </line>
    <line>
      <![CDATA[password :1]]>
    </line>
    <line>
      <![CDATA[Element is present: ]]>
    </line>
    <line>
      <![CDATA[Actual Error message is   :Username or Password is invalid. Please try again.]]>
    </line>
    <line>
      <![CDATA[Expected Error message is :Username or Password is invalid. Please try again.]]>
    </line>
    <line>
      <![CDATA[user name :@]]>
    </line>
    <line>
      <![CDATA[password :3]]>
    </line>
    <line>
      <![CDATA[Element is present: ]]>
    </line>
    <line>
      <![CDATA[Actual Error message is   :Username or Password is invalid. Please try again.]]>
    </line>
    <line>
      <![CDATA[Expected Error message is :Username or Password is invalid. Please try again.]]>
    </line>
    <line>
      <![CDATA[user name :1]]>
    </line>
    <line>
      <![CDATA[password : ]]>
    </line>
    <line>
      <![CDATA[Element is present: ]]>
    </line>
    <line>
      <![CDATA[Actual Error message is   :Username or Password is invalid. Please try again.]]>
    </line>
    <line>
      <![CDATA[Expected Error message is :Username or Password is invalid. Please try again.]]>
    </line>
    <line>
      <![CDATA[user name : ]]>
    </line>
    <line>
      <![CDATA[password :5]]>
    </line>
    <line>
      <![CDATA[Element is present: ]]>
    </line>
    <line>
      <![CDATA[Actual Error message is   :Username or Password is invalid. Please try again.]]>
    </line>
    <line>
      <![CDATA[Expected Error message is :Username or Password is invalid. Please try again.]]>
    </line>
    <line>
      <![CDATA[Actual version is   :actiTIME 2017.4]]>
    </line>
    <line>
      <![CDATA[Expected version is :actiTIME 2017.4]]>
    </line>
  </reporter-output>
  <suite started-at="2019-03-02T11:19:01Z" name="Suite" finished-at="2019-03-02T11:19:53Z" duration-ms="51707">
    <groups>
    </groups>
    <test started-at="2019-03-02T11:19:01Z" name="Test" finished-at="2019-03-02T11:19:53Z" duration-ms="51707">
      <class name="com.actiTimeSimple.test.TC04Test">
        <test-method is-config="true" signature="preCondition()[pri:0, instance:com.actiTimeSimple.test.TC04Test@4009e306]" started-at="2019-03-02T16:49:01Z" name="preCondition" finished-at="2019-03-02T16:49:07Z" duration-ms="6385" status="PASS">
          <reporter-output>
          </reporter-output>
        </test-method> <!-- preCondition -->
        <test-method signature="testTC04()[pri:4, instance:com.actiTimeSimple.test.TC04Test@4009e306]" started-at="2019-03-02T16:49:07Z" name="testTC04" finished-at="2019-03-02T16:49:18Z" duration-ms="10942" status="PASS">
          <reporter-output>
            <line>
              <![CDATA[Element is present: ]]>
            </line>
            <line>
              <![CDATA[Actual Build No is   :(build 39769)]]>
            </line>
            <line>
              <![CDATA[Expected build No is :(build 39769)]]>
            </line>
          </reporter-output>
        </test-method> <!-- testTC04 -->
        <test-method is-config="true" signature="postCondition(org.testng.ITestResult)[pri:0, instance:com.actiTimeSimple.test.TC04Test@4009e306]" started-at="2019-03-02T16:49:18Z" name="postCondition" finished-at="2019-03-02T16:49:18Z" duration-ms="104" status="PASS">
          <params>
            <param index="0">
              <value>
                <![CDATA[[TestResult name=testTC04 status=SUCCESS method=TC04Test.testTC04()[pri:4, instance:com.actiTimeSimple.test.TC04Test@4009e306] output=Element is present: ]]]>
              </value>
            </param>
          </params>
          <reporter-output>
          </reporter-output>
        </test-method> <!-- postCondition -->
      </class> <!-- com.actiTimeSimple.test.TC04Test -->
      <class name="com.actiTimeSimple.test.TC03Test">
        <test-method is-config="true" signature="preCondition()[pri:0, instance:com.actiTimeSimple.test.TC03Test@22fcf7ab]" started-at="2019-03-02T16:49:45Z" name="preCondition" finished-at="2019-03-02T16:49:50Z" duration-ms="5028" status="PASS">
          <reporter-output>
          </reporter-output>
        </test-method> <!-- preCondition -->
        <test-method signature="testTC03()[pri:3, instance:com.actiTimeSimple.test.TC03Test@22fcf7ab]" started-at="2019-03-02T16:49:50Z" name="testTC03" finished-at="2019-03-02T16:49:50Z" duration-ms="114" status="PASS">
          <reporter-output>
            <line>
              <![CDATA[Actual version is   :actiTIME 2017.4]]>
            </line>
            <line>
              <![CDATA[Expected version is :actiTIME 2017.4]]>
            </line>
          </reporter-output>
        </test-method> <!-- testTC03 -->
        <test-method is-config="true" signature="postCondition(org.testng.ITestResult)[pri:0, instance:com.actiTimeSimple.test.TC03Test@22fcf7ab]" started-at="2019-03-02T16:49:50Z" name="postCondition" finished-at="2019-03-02T16:49:53Z" duration-ms="2044" status="PASS">
          <params>
            <param index="0">
              <value>
                <![CDATA[[TestResult name=testTC03 status=SUCCESS method=TC03Test.testTC03()[pri:3, instance:com.actiTimeSimple.test.TC03Test@22fcf7ab] output=Actual version is   :actiTIME 2017.4]]]>
              </value>
            </param>
          </params>
          <reporter-output>
          </reporter-output>
        </test-method> <!-- postCondition -->
      </class> <!-- com.actiTimeSimple.test.TC03Test -->
      <class name="com.actiTimeSimple.test.TC01Test">
        <test-method is-config="true" signature="preCondition()[pri:0, instance:com.actiTimeSimple.test.TC01Test@43c1b556]" started-at="2019-03-02T16:49:18Z" name="preCondition" finished-at="2019-03-02T16:49:23Z" duration-ms="5039" status="PASS">
          <reporter-output>
          </reporter-output>
        </test-method> <!-- preCondition -->
        <test-method signature="testTC01()[pri:1, instance:com.actiTimeSimple.test.TC01Test@43c1b556]" started-at="2019-03-02T16:49:23Z" name="testTC01" finished-at="2019-03-02T16:49:26Z" duration-ms="2387" status="PASS">
          <reporter-output>
            <line>
              <![CDATA[Title is matching: 
Expected title is :actiTIME - Login]]>
            </line>
            <line>
              <![CDATA[Actual Title is   :actiTIME - Login]]>
            </line>
            <line>
              <![CDATA[Title is matching: 
Expected title is :actiTIME - Enter Time-Track]]>
            </line>
            <line>
              <![CDATA[Actual Title is   :actiTIME - Enter Time-Track]]>
            </line>
          </reporter-output>
        </test-method> <!-- testTC01 -->
        <test-method is-config="true" signature="postCondition(org.testng.ITestResult)[pri:0, instance:com.actiTimeSimple.test.TC01Test@43c1b556]" started-at="2019-03-02T16:49:26Z" name="postCondition" finished-at="2019-03-02T16:49:26Z" duration-ms="147" status="PASS">
          <params>
            <param index="0">
              <value>
                <![CDATA[[TestResult name=testTC01 status=SUCCESS method=TC01Test.testTC01()[pri:1, instance:com.actiTimeSimple.test.TC01Test@43c1b556] output=Title is matching: 
Expected title is :actiTIME - Login]]]>
              </value>
            </param>
          </params>
          <reporter-output>
          </reporter-output>
        </test-method> <!-- postCondition -->
      </class> <!-- com.actiTimeSimple.test.TC01Test -->
      <class name="com.actiTimeSimple.test.TC02Test">
        <test-method is-config="true" signature="preCondition()[pri:0, instance:com.actiTimeSimple.test.TC02Test@587e5365]" started-at="2019-03-02T16:49:26Z" name="preCondition" finished-at="2019-03-02T16:49:30Z" duration-ms="4335" status="PASS">
          <reporter-output>
          </reporter-output>
        </test-method> <!-- preCondition -->
        <test-method signature="testTC02()[pri:2, instance:com.actiTimeSimple.test.TC02Test@587e5365]" started-at="2019-03-02T16:49:30Z" name="testTC02" finished-at="2019-03-02T16:49:45Z" duration-ms="15066" status="PASS">
          <reporter-output>
            <line>
              <![CDATA[user name :admin]]>
            </line>
            <line>
              <![CDATA[password :abc]]>
            </line>
            <line>
              <![CDATA[Element is present: ]]>
            </line>
            <line>
              <![CDATA[Actual Error message is   :Username or Password is invalid. Please try again.]]>
            </line>
            <line>
              <![CDATA[Expected Error message is :Username or Password is invalid. Please try again.]]>
            </line>
            <line>
              <![CDATA[user name :abc]]>
            </line>
            <line>
              <![CDATA[password :manager]]>
            </line>
            <line>
              <![CDATA[Element is present: ]]>
            </line>
            <line>
              <![CDATA[Actual Error message is   :Username or Password is invalid. Please try again.]]>
            </line>
            <line>
              <![CDATA[Expected Error message is :Username or Password is invalid. Please try again.]]>
            </line>
            <line>
              <![CDATA[user name :a]]>
            </line>
            <line>
              <![CDATA[password :1]]>
            </line>
            <line>
              <![CDATA[Element is present: ]]>
            </line>
            <line>
              <![CDATA[Actual Error message is   :Username or Password is invalid. Please try again.]]>
            </line>
            <line>
              <![CDATA[Expected Error message is :Username or Password is invalid. Please try again.]]>
            </line>
            <line>
              <![CDATA[user name :@]]>
            </line>
            <line>
              <![CDATA[password :3]]>
            </line>
            <line>
              <![CDATA[Element is present: ]]>
            </line>
            <line>
              <![CDATA[Actual Error message is   :Username or Password is invalid. Please try again.]]>
            </line>
            <line>
              <![CDATA[Expected Error message is :Username or Password is invalid. Please try again.]]>
            </line>
            <line>
              <![CDATA[user name :1]]>
            </line>
            <line>
              <![CDATA[password : ]]>
            </line>
            <line>
              <![CDATA[Element is present: ]]>
            </line>
            <line>
              <![CDATA[Actual Error message is   :Username or Password is invalid. Please try again.]]>
            </line>
            <line>
              <![CDATA[Expected Error message is :Username or Password is invalid. Please try again.]]>
            </line>
            <line>
              <![CDATA[user name : ]]>
            </line>
            <line>
              <![CDATA[password :5]]>
            </line>
            <line>
              <![CDATA[Element is present: ]]>
            </line>
            <line>
              <![CDATA[Actual Error message is   :Username or Password is invalid. Please try again.]]>
            </line>
            <line>
              <![CDATA[Expected Error message is :Username or Password is invalid. Please try again.]]>
            </line>
          </reporter-output>
        </test-method> <!-- testTC02 -->
        <test-method is-config="true" signature="postCondition(org.testng.ITestResult)[pri:0, instance:com.actiTimeSimple.test.TC02Test@587e5365]" started-at="2019-03-02T16:49:45Z" name="postCondition" finished-at="2019-03-02T16:49:45Z" duration-ms="82" status="PASS">
          <params>
            <param index="0">
              <value>
                <![CDATA[[TestResult name=testTC02 status=SUCCESS method=TC02Test.testTC02()[pri:2, instance:com.actiTimeSimple.test.TC02Test@587e5365] output=user name :admin]]]>
              </value>
            </param>
          </params>
          <reporter-output>
          </reporter-output>
        </test-method> <!-- postCondition -->
      </class> <!-- com.actiTimeSimple.test.TC02Test -->
    </test> <!-- Test -->
  </suite> <!-- Suite -->
</testng-results>
